<?xml version="1.0" encoding="UTF-8"?>
<!-- Generated by org.testng.reporters.JUnitReportReporter -->
<testsuite skipped="0" hostname="Siddhi-Lap" name="com.practice.test.DesktopGoogleSearch" tests="1" failures="0" timestamp="2020-05-06T16:41:31 IST" time="36.206" errors="0">
  <testcase name="googleSearchDT" time="36.206" classname="com.practice.test.DesktopGoogleSearch"/>
  <system-out/>
</testsuite> <!-- com.practice.test.DesktopGoogleSearch -->
